<?xml version="1.0" encoding="UTF-8"?>
<!-- Generated by org.testng.reporters.JUnitXMLReporter -->
<testsuite ignored="0" hostname="DESKTOP-9E1GL0F" failures="0" tests="2" name="ErrorValidationsTest" time="26.699" errors="0" timestamp="2026-05-09T01:44:56 IST">
  <testcase classname="arijitsinhaProject2.tests.ErrorValidation" name="LoginErrorValidation" time="0.555"/>
  <testcase classname="arijitsinhaProject2.tests.ErrorValidation" name="ProductErrorValidation" time="4.177"/>
</testsuite> <!-- ErrorValidationsTest -->
