<?xml version="1.0" encoding="UTF-8"?>
<!-- Generated by org.testng.reporters.JUnitXMLReporter -->
<testsuite ignored="0" hostname="DESKTOP-9E1GL0F" failures="0" tests="4" name="SubmitOrderTest" time="57.024" errors="0" timestamp="2026-05-09T01:45:26 IST">
  <testcase classname="arijitsinhaProject2.tests.SubmitOrder" name="submitOrder" time="9.864"/>
  <testcase classname="arijitsinhaProject2.tests.SubmitOrder" name="submitOrder" time="4.678"/>
  <testcase classname="arijitsinhaProject2.tests.SubmitOrder" name="orderVerification" time="1.708"/>
  <testcase classname="arijitsinhaProject2.tests.SubmitOrder" name="orderVerification" time="1.048"/>
</testsuite> <!-- SubmitOrderTest -->
