<?xml version="1.0" encoding="UTF-8"?>
<!-- Generated by org.testng.reporters.JUnitXMLReporter -->
<testsuite ignored="0" hostname="DESKTOP-9E1GL0F" failures="1" tests="2" name="ErrorValidationsTest" time="55.785" errors="0" timestamp="2026-05-08T22:46:24 IST">
  <testcase classname="arijitsinhaProject2.tests.ErrorValidation" name="LoginErrorValidation" time="1.089">
    <failure type="java.lang.AssertionError" message="expected [Incrrect email or password.] but found [Incorrect email or password.]">
      <![CDATA[java.lang.AssertionError: expected [Incrrect email or password.] but found [Incorrect email or password.]
at arijitsinhaProject2.tests.ErrorValidation.LoginErrorValidation(ErrorValidation.java:17)
at java.base/java.util.ArrayList.forEach(ArrayList.java:1596)
at java.base/java.util.concurrent.FutureTask.run(FutureTask.java:317)
at java.base/java.util.concurrent.ThreadPoolExecutor.runWorker(ThreadPoolExecutor.java:1144)
at java.base/java.util.concurrent.ThreadPoolExecutor$Worker.run(ThreadPoolExecutor.java:642)
at java.base/java.lang.Thread.run(Thread.java:1583)
... Removed 21 stack frames]]>
    </failure>
  </testcase> <!-- LoginErrorValidation -->
  <testcase classname="arijitsinhaProject2.tests.ErrorValidation" name="ProductErrorValidation" time="4.994"/>
</testsuite> <!-- ErrorValidationsTest -->
