<?xml version="1.0" encoding="UTF-8"?>
<!-- Generated by org.testng.reporters.JUnitXMLReporter -->
<testsuite ignored="0" hostname="DESKTOP-9E1GL0F" failures="0" tests="4" name="SubmitOrderTest" time="85.617" errors="0" timestamp="2026-05-08T22:46:48 IST">
  <testcase classname="arijitsinhaProject2.tests.SubmitOrder" name="submitOrder" time="11.758"/>
  <testcase classname="arijitsinhaProject2.tests.SubmitOrder" name="submitOrder" time="5.303"/>
  <testcase classname="arijitsinhaProject2.tests.SubmitOrder" name="orderVerification" time="1.833"/>
  <testcase classname="arijitsinhaProject2.tests.SubmitOrder" name="orderVerification" time="1.642"/>
</testsuite> <!-- SubmitOrderTest -->
