<?xml version="1.0" encoding="UTF-8"?>
<testng-results ignored="0" total="6" passed="5" failed="1" skipped="0">
  <reporter-output>
  </reporter-output>
  <suite started-at="2026-05-08T22:45:22 IST" name="Regression" finished-at="2026-05-08T22:46:48 IST" duration-ms="85617">
    <groups>
      <group name="Run">
        <method signature="SubmitOrder.submitOrder(java.util.HashMap)[pri:0, instance:arijitsinhaProject2.tests.SubmitOrder@50029372]" name="submitOrder" class="arijitsinhaProject2.tests.SubmitOrder"/>
        <method signature="ErrorValidation.LoginErrorValidation()[pri:0, instance:arijitsinhaProject2.tests.ErrorValidation@560348e6]" name="LoginErrorValidation" class="arijitsinhaProject2.tests.ErrorValidation"/>
      </group> <!-- Run -->
    </groups>
    <test started-at="2026-05-08T22:45:22 IST" name="ErrorValidationsTest" finished-at="2026-05-08T22:46:18 IST" duration-ms="55785">
      <class name="arijitsinhaProject2.tests.ErrorValidation">
        <test-method is-config="true" signature="launchingApplication()[pri:0, instance:arijitsinhaProject2.tests.ErrorValidation@560348e6]" started-at="2026-05-08T22:45:22 IST" name="launchingApplication" finished-at="2026-05-08T22:45:50 IST" duration-ms="27432" status="PASS">
          <reporter-output>
          </reporter-output>
        </test-method> <!-- launchingApplication -->
        <test-method signature="LoginErrorValidation()[pri:0, instance:arijitsinhaProject2.tests.ErrorValidation@560348e6]" started-at="2026-05-08T22:45:50 IST" name="LoginErrorValidation" finished-at="2026-05-08T22:45:51 IST" duration-ms="1089" status="FAIL">
          <exception class="java.lang.AssertionError">
            <message>
              <![CDATA[expected [Incrrect email or password.] but found [Incorrect email or password.]]]>
            </message>
            <full-stacktrace>
              <![CDATA[java.lang.AssertionError: expected [Incrrect email or password.] but found [Incorrect email or password.]
at org.testng.Assert.fail(Assert.java:111)
at org.testng.Assert.failNotEquals(Assert.java:1590)
at org.testng.Assert.assertEqualsImpl(Assert.java:150)
at org.testng.Assert.assertEquals(Assert.java:132)
at org.testng.Assert.assertEquals(Assert.java:656)
at org.testng.Assert.assertEquals(Assert.java:666)
at arijitsinhaProject2.tests.ErrorValidation.LoginErrorValidation(ErrorValidation.java:17)
at java.base/jdk.internal.reflect.DirectMethodHandleAccessor.invoke(DirectMethodHandleAccessor.java:103)
at java.base/java.lang.reflect.Method.invoke(Method.java:580)
at org.testng.internal.invokers.MethodInvocationHelper.invokeMethod(MethodInvocationHelper.java:141)
at org.testng.internal.invokers.TestInvoker.invokeMethod(TestInvoker.java:697)
at org.testng.internal.invokers.TestInvoker.invokeTestMethod(TestInvoker.java:230)
at org.testng.internal.invokers.MethodRunner.runInSequence(MethodRunner.java:63)
at org.testng.internal.invokers.TestInvoker$MethodInvocationAgent.invoke(TestInvoker.java:1005)
at org.testng.internal.invokers.TestInvoker.invokeTestMethods(TestInvoker.java:203)
at org.testng.internal.invokers.TestMethodWorker.invokeTestMethods(TestMethodWorker.java:154)
at org.testng.internal.invokers.TestMethodWorker.run(TestMethodWorker.java:134)
at java.base/java.util.ArrayList.forEach(ArrayList.java:1596)
at org.testng.TestRunner.privateRun(TestRunner.java:744)
at org.testng.TestRunner.run(TestRunner.java:616)
at org.testng.SuiteRunner.runTest(SuiteRunner.java:421)
at org.testng.SuiteRunner$SuiteWorker.run(SuiteRunner.java:463)
at org.testng.internal.thread.ThreadUtil.lambda$execute$0(ThreadUtil.java:64)
at java.base/java.util.concurrent.FutureTask.run(FutureTask.java:317)
at java.base/java.util.concurrent.ThreadPoolExecutor.runWorker(ThreadPoolExecutor.java:1144)
at java.base/java.util.concurrent.ThreadPoolExecutor$Worker.run(ThreadPoolExecutor.java:642)
at java.base/java.lang.Thread.run(Thread.java:1583)
]]>
            </full-stacktrace>
          </exception> <!-- java.lang.AssertionError -->
          <reporter-output>
          </reporter-output>
        </test-method> <!-- LoginErrorValidation -->
        <test-method is-config="true" signature="tearDown()[pri:0, instance:arijitsinhaProject2.tests.ErrorValidation@560348e6]" started-at="2026-05-08T22:45:52 IST" name="tearDown" finished-at="2026-05-08T22:45:54 IST" duration-ms="1816" status="PASS">
          <reporter-output>
          </reporter-output>
        </test-method> <!-- tearDown -->
        <test-method is-config="true" signature="launchingApplication()[pri:0, instance:arijitsinhaProject2.tests.ErrorValidation@560348e6]" started-at="2026-05-08T22:45:54 IST" name="launchingApplication" finished-at="2026-05-08T22:46:11 IST" duration-ms="17262" status="PASS">
          <reporter-output>
          </reporter-output>
        </test-method> <!-- launchingApplication -->
        <test-method signature="ProductErrorValidation()[pri:0, instance:arijitsinhaProject2.tests.ErrorValidation@560348e6]" started-at="2026-05-08T22:46:11 IST" name="ProductErrorValidation" finished-at="2026-05-08T22:46:16 IST" duration-ms="4994" status="PASS">
          <reporter-output>
          </reporter-output>
        </test-method> <!-- ProductErrorValidation -->
        <test-method is-config="true" signature="tearDown()[pri:0, instance:arijitsinhaProject2.tests.ErrorValidation@560348e6]" started-at="2026-05-08T22:46:16 IST" name="tearDown" finished-at="2026-05-08T22:46:18 IST" duration-ms="2059" status="PASS">
          <reporter-output>
          </reporter-output>
        </test-method> <!-- tearDown -->
      </class> <!-- arijitsinhaProject2.tests.ErrorValidation -->
    </test> <!-- ErrorValidationsTest -->
    <test started-at="2026-05-08T22:45:22 IST" name="SubmitOrderTest" finished-at="2026-05-08T22:46:48 IST" duration-ms="85617">
      <class name="arijitsinhaProject2.tests.SubmitOrder">
        <test-method is-config="true" signature="launchingApplication()[pri:0, instance:arijitsinhaProject2.tests.SubmitOrder@50029372]" started-at="2026-05-08T22:45:23 IST" name="launchingApplication" finished-at="2026-05-08T22:45:48 IST" duration-ms="24722" status="PASS">
          <reporter-output>
          </reporter-output>
        </test-method> <!-- launchingApplication -->
        <test-method signature="submitOrder(java.util.HashMap)[pri:0, instance:arijitsinhaProject2.tests.SubmitOrder@50029372]" started-at="2026-05-08T22:45:48 IST" name="submitOrder" data-provider="getData" finished-at="2026-05-08T22:46:00 IST" duration-ms="11758" status="PASS">
          <params>
            <param index="0">
              <value>
                <![CDATA[{product2=ADIDAS ORIGINAL, product1=ZARA COAT 3, password=Asdf@1234, email=contact@arijitsinha.com}]]>
              </value>
            </param>
          </params>
          <reporter-output>
          </reporter-output>
        </test-method> <!-- submitOrder -->
        <test-method is-config="true" signature="tearDown()[pri:0, instance:arijitsinhaProject2.tests.SubmitOrder@50029372]" started-at="2026-05-08T22:46:00 IST" name="tearDown" finished-at="2026-05-08T22:46:08 IST" duration-ms="8156" status="PASS">
          <reporter-output>
          </reporter-output>
        </test-method> <!-- tearDown -->
        <test-method is-config="true" signature="launchingApplication()[pri:0, instance:arijitsinhaProject2.tests.SubmitOrder@50029372]" started-at="2026-05-08T22:46:08 IST" name="launchingApplication" finished-at="2026-05-08T22:46:20 IST" duration-ms="12813" status="PASS">
          <reporter-output>
          </reporter-output>
        </test-method> <!-- launchingApplication -->
        <test-method signature="submitOrder(java.util.HashMap)[pri:0, instance:arijitsinhaProject2.tests.SubmitOrder@50029372]" started-at="2026-05-08T22:46:20 IST" name="submitOrder" data-provider="getData" finished-at="2026-05-08T22:46:26 IST" duration-ms="5303" status="PASS">
          <params>
            <param index="0">
              <value>
                <![CDATA[{product2=IPHONE 13 PRO, product1=ZARA COAT 3, password=Asdf@1234, email=alpiak@gmail.com}]]>
              </value>
            </param>
          </params>
          <reporter-output>
          </reporter-output>
        </test-method> <!-- submitOrder -->
        <test-method is-config="true" signature="tearDown()[pri:0, instance:arijitsinhaProject2.tests.SubmitOrder@50029372]" started-at="2026-05-08T22:46:26 IST" name="tearDown" finished-at="2026-05-08T22:46:26 IST" duration-ms="299" status="PASS">
          <reporter-output>
          </reporter-output>
        </test-method> <!-- tearDown -->
        <test-method is-config="true" signature="launchingApplication()[pri:0, instance:arijitsinhaProject2.tests.SubmitOrder@50029372]" started-at="2026-05-08T22:46:26 IST" name="launchingApplication" finished-at="2026-05-08T22:46:35 IST" duration-ms="9077" status="PASS">
          <reporter-output>
          </reporter-output>
        </test-method> <!-- launchingApplication -->
        <test-method signature="orderVerification(java.util.HashMap)[pri:0, instance:arijitsinhaProject2.tests.SubmitOrder@50029372]" started-at="2026-05-08T22:46:35 IST" name="orderVerification" data-provider="getData" finished-at="2026-05-08T22:46:37 IST" depends-on-methods="arijitsinhaProject2.tests.SubmitOrder.submitOrder" duration-ms="1833" status="PASS">
          <params>
            <param index="0">
              <value>
                <![CDATA[{product2=ADIDAS ORIGINAL, product1=ZARA COAT 3, password=Asdf@1234, email=contact@arijitsinha.com}]]>
              </value>
            </param>
          </params>
          <reporter-output>
          </reporter-output>
        </test-method> <!-- orderVerification -->
        <test-method is-config="true" signature="tearDown()[pri:0, instance:arijitsinhaProject2.tests.SubmitOrder@50029372]" started-at="2026-05-08T22:46:37 IST" name="tearDown" finished-at="2026-05-08T22:46:37 IST" duration-ms="187" status="PASS">
          <reporter-output>
          </reporter-output>
        </test-method> <!-- tearDown -->
        <test-method is-config="true" signature="launchingApplication()[pri:0, instance:arijitsinhaProject2.tests.SubmitOrder@50029372]" started-at="2026-05-08T22:46:37 IST" name="launchingApplication" finished-at="2026-05-08T22:46:46 IST" duration-ms="8937" status="PASS">
          <reporter-output>
          </reporter-output>
        </test-method> <!-- launchingApplication -->
        <test-method signature="orderVerification(java.util.HashMap)[pri:0, instance:arijitsinhaProject2.tests.SubmitOrder@50029372]" started-at="2026-05-08T22:46:46 IST" name="orderVerification" data-provider="getData" finished-at="2026-05-08T22:46:48 IST" depends-on-methods="arijitsinhaProject2.tests.SubmitOrder.submitOrder" duration-ms="1642" status="PASS">
          <params>
            <param index="0">
              <value>
                <![CDATA[{product2=IPHONE 13 PRO, product1=ZARA COAT 3, password=Asdf@1234, email=alpiak@gmail.com}]]>
              </value>
            </param>
          </params>
          <reporter-output>
          </reporter-output>
        </test-method> <!-- orderVerification -->
        <test-method is-config="true" signature="tearDown()[pri:0, instance:arijitsinhaProject2.tests.SubmitOrder@50029372]" started-at="2026-05-08T22:46:48 IST" name="tearDown" finished-at="2026-05-08T22:46:48 IST" duration-ms="131" status="PASS">
          <reporter-output>
          </reporter-output>
        </test-method> <!-- tearDown -->
      </class> <!-- arijitsinhaProject2.tests.SubmitOrder -->
    </test> <!-- SubmitOrderTest -->
  </suite> <!-- Regression -->
</testng-results>
