<?xml version="1.0" encoding="UTF-8"?>
<!-- Generated by org.testng.reporters.JUnitReportReporter -->
<testsuite hostname="DESKTOP-9E1GL0F" failures="0" tests="4" name="arijitsinhaProject2.tests.SubmitOrder" time="84.858" errors="0" timestamp="2026-05-08T22:46:49 IST" skipped="0">
  <testcase classname="arijitsinhaProject2.tests.SubmitOrder" name="orderVerification" time="18.926"/>
  <testcase classname="arijitsinhaProject2.tests.SubmitOrder" name="submitOrder" time="36.779"/>
  <testcase classname="arijitsinhaProject2.tests.SubmitOrder" name="orderVerification" time="14.642"/>
  <testcase classname="arijitsinhaProject2.tests.SubmitOrder" name="submitOrder" time="14.511"/>
</testsuite> <!-- arijitsinhaProject2.tests.SubmitOrder -->
