<?xml version="1.0" encoding="UTF-8"?>
<!-- Generated by org.testng.reporters.JUnitReportReporter -->
<testsuite hostname="DESKTOP-9E1GL0F" failures="0" tests="2" name="arijitsinhaProject2.tests.ErrorValidation" time="26.619" errors="0" timestamp="2026-05-09T01:45:26 IST" skipped="0">
  <testcase classname="arijitsinhaProject2.tests.ErrorValidation" name="ProductErrorValidation" time="15.273"/>
  <testcase classname="arijitsinhaProject2.tests.ErrorValidation" name="LoginErrorValidation" time="11.346"/>
</testsuite> <!-- arijitsinhaProject2.tests.ErrorValidation -->
