<?xml version="1.0" encoding="UTF-8"?>
<!-- Generated by org.testng.reporters.JUnitReportReporter -->
<testsuite hostname="DESKTOP-9E1GL0F" failures="0" tests="4" name="arijitsinhaProject2.tests.SubmitOrder" time="56.567" errors="0" timestamp="2026-05-09T01:45:26 IST" skipped="0">
  <testcase classname="arijitsinhaProject2.tests.SubmitOrder" name="orderVerification" time="14.134"/>
  <testcase classname="arijitsinhaProject2.tests.SubmitOrder" name="orderVerification" time="10.057"/>
  <testcase classname="arijitsinhaProject2.tests.SubmitOrder" name="submitOrder" time="13.200"/>
  <testcase classname="arijitsinhaProject2.tests.SubmitOrder" name="submitOrder" time="19.176"/>
</testsuite> <!-- arijitsinhaProject2.tests.SubmitOrder -->
